<?xml version="1.0" encoding="UTF-8"?>
<!-- Generated by org.testng.reporters.JUnitXMLReporter -->
<testsuite ignored="0" hostname="DESKTOP-MAGKF8V" failures="1" tests="25" name="Default test" time="0.187" errors="0" timestamp="2022-09-28T00:11:02 CDT">
  <testcase classname="com.salesforce.baseclass.BaseTest" name="@BeforeMethod setup" time="-1.664341862348E9">
    <failure type="org.testng.TestNGException" message="
Parameter &amp;apos;browsername&amp;apos; is required by BeforeMethod on method setup but has not been marked @Optional or defined
in C:\Users\mkuma\AppData\Local\Temp\testng-eclipse-525455650\testng-customsuite.xml">
      <![CDATA[org.testng.TestNGException: 
Parameter 'browsername' is required by BeforeMethod on method setup but has not been marked @Optional or defined
in C:\Users\mkuma\AppData\Local\Temp\testng-eclipse-525455650\testng-customsuite.xml
at org.testng.internal.Parameters.createParams(Parameters.java:270)
at org.testng.internal.Parameters.createParametersForMethod(Parameters.java:358)
at org.testng.internal.Parameters.createParameters(Parameters.java:700)
at org.testng.internal.Parameters.createConfigurationParameters(Parameters.java:168)
at org.testng.internal.ConfigInvoker.invokeConfigurations(ConfigInvoker.java:302)
at org.testng.internal.TestInvoker.runConfigMethods(TestInvoker.java:700)
at org.testng.internal.TestInvoker.invokeMethod(TestInvoker.java:527)
at org.testng.internal.TestInvoker.invokeTestMethod(TestInvoker.java:173)
at org.testng.internal.MethodRunner.runInSequence(MethodRunner.java:46)
at org.testng.internal.TestInvoker$MethodInvocationAgent.invoke(TestInvoker.java:824)
at org.testng.internal.TestInvoker.invokeTestMethods(TestInvoker.java:146)
at org.testng.internal.TestMethodWorker.invokeTestMethods(TestMethodWorker.java:146)
at org.testng.internal.TestMethodWorker.run(TestMethodWorker.java:128)
at java.base/java.util.ArrayList.forEach(ArrayList.java:1511)
at org.testng.TestRunner.privateRun(TestRunner.java:794)
at org.testng.TestRunner.run(TestRunner.java:596)
at org.testng.SuiteRunner.runTest(SuiteRunner.java:377)
at org.testng.SuiteRunner.runSequentially(SuiteRunner.java:371)
at org.testng.SuiteRunner.privateRun(SuiteRunner.java:332)
at org.testng.SuiteRunner.run(SuiteRunner.java:276)
at org.testng.SuiteRunnerWorker.runSuite(SuiteRunnerWorker.java:53)
at org.testng.SuiteRunnerWorker.run(SuiteRunnerWorker.java:96)
at org.testng.TestNG.runSuitesSequentially(TestNG.java:1212)
at org.testng.TestNG.runSuitesLocally(TestNG.java:1134)
at org.testng.TestNG.runSuites(TestNG.java:1063)
at org.testng.TestNG.run(TestNG.java:1031)
at org.testng.remote.AbstractRemoteTestNG.run(AbstractRemoteTestNG.java:115)
at org.testng.remote.RemoteTestNG.initAndRun(RemoteTestNG.java:251)
at org.testng.remote.RemoteTestNG.main(RemoteTestNG.java:77)
]]>
    </failure>
  </testcase> <!-- @BeforeMethod setup -->
  <testcase classname="com.salesforce.baseclass.BaseTest" name="@AfterMethod tearDown" time="-1.664341862357E9">
    <skipped/>
  </testcase> <!-- @AfterMethod tearDown -->
  <testcase classname="com.salesforce.baseclass.BaseTest" name="@BeforeMethod setup" time="-1.664341862359E9">
    <skipped/>
  </testcase> <!-- @BeforeMethod setup -->
  <testcase classname="com.salesforce.baseclass.BaseTest" name="@AfterMethod tearDown" time="-1.664341862361E9">
    <skipped/>
  </testcase> <!-- @AfterMethod tearDown -->
  <testcase classname="com.salesforce.baseclass.BaseTest" name="@BeforeMethod setup" time="-1.664341862362E9">
    <skipped/>
  </testcase> <!-- @BeforeMethod setup -->
  <testcase classname="com.salesforce.baseclass.BaseTest" name="@AfterMethod tearDown" time="-1.664341862364E9">
    <skipped/>
  </testcase> <!-- @AfterMethod tearDown -->
  <testcase classname="com.salesforce.baseclass.BaseTest" name="@BeforeMethod setup" time="-1.664341862365E9">
    <skipped/>
  </testcase> <!-- @BeforeMethod setup -->
  <testcase classname="com.salesforce.baseclass.BaseTest" name="@AfterMethod tearDown" time="-1.664341862367E9">
    <skipped/>
  </testcase> <!-- @AfterMethod tearDown -->
  <testcase classname="com.salesforce.baseclass.BaseTest" name="@BeforeMethod setup" time="-1.664341862368E9">
    <skipped/>
  </testcase> <!-- @BeforeMethod setup -->
  <testcase classname="com.salesforce.baseclass.BaseTest" name="@AfterMethod tearDown" time="-1.664341862369E9">
    <skipped/>
  </testcase> <!-- @AfterMethod tearDown -->
  <testcase classname="com.salesforce.baseclass.BaseTest" name="@BeforeMethod setup" time="-1.66434186237E9">
    <skipped/>
  </testcase> <!-- @BeforeMethod setup -->
  <testcase classname="com.salesforce.baseclass.BaseTest" name="@AfterMethod tearDown" time="-1.664341862372E9">
    <skipped/>
  </testcase> <!-- @AfterMethod tearDown -->
  <testcase classname="com.salesforce.baseclass.BaseTest" name="@BeforeMethod setup" time="-1.664341862372E9">
    <skipped/>
  </testcase> <!-- @BeforeMethod setup -->
  <testcase classname="com.salesforce.baseclass.BaseTest" name="@AfterMethod tearDown" time="-1.664341862374E9">
    <skipped/>
  </testcase> <!-- @AfterMethod tearDown -->
  <testcase classname="com.salesforce.baseclass.BaseTest" name="@BeforeMethod setup" time="-1.664341862374E9">
    <skipped/>
  </testcase> <!-- @BeforeMethod setup -->
  <testcase classname="com.salesforce.baseclass.BaseTest" name="@AfterMethod tearDown" time="-1.664341862376E9">
    <skipped/>
  </testcase> <!-- @AfterMethod tearDown -->
  <testcase classname="com.salesforce.baseclass.BaseTest" name="@BeforeMethod setup" time="-1.664341862376E9">
    <skipped/>
  </testcase> <!-- @BeforeMethod setup -->
  <testcase classname="com.salesforce.baseclass.BaseTest" name="@AfterMethod tearDown" time="-1.664341862378E9">
    <skipped/>
  </testcase> <!-- @AfterMethod tearDown -->
  <testcase classname="com.salesforce.baseclass.BaseTest" name="@BeforeMethod setup" time="-1.664341862379E9">
    <skipped/>
  </testcase> <!-- @BeforeMethod setup -->
  <testcase classname="com.salesforce.baseclass.BaseTest" name="@AfterMethod tearDown" time="-1.664341862381E9">
    <skipped/>
  </testcase> <!-- @AfterMethod tearDown -->
  <testcase classname="com.salesforce.baseclass.BaseTest" name="@BeforeMethod setup" time="-1.664341862381E9">
    <skipped/>
  </testcase> <!-- @BeforeMethod setup -->
  <testcase classname="com.salesforce.baseclass.BaseTest" name="@AfterMethod tearDown" time="-1.664341862383E9">
    <skipped/>
  </testcase> <!-- @AfterMethod tearDown -->
  <testcase classname="com.salesforce.baseclass.BaseTest" name="@BeforeMethod setup" time="-1.664341862384E9">
    <skipped/>
  </testcase> <!-- @BeforeMethod setup -->
  <testcase classname="com.salesforce.baseclass.BaseTest" name="@AfterMethod tearDown" time="-1.664341862386E9">
    <skipped/>
  </testcase> <!-- @AfterMethod tearDown -->
  <testcase classname="com.salesforce.baseclass.BaseTest" name="@BeforeMethod setup" time="-1.664341862386E9">
    <skipped/>
  </testcase> <!-- @BeforeMethod setup -->
  <testcase classname="com.salesforce.baseclass.BaseTest" name="@AfterMethod tearDown" time="-1.664341862389E9">
    <skipped/>
  </testcase> <!-- @AfterMethod tearDown -->
  <testcase classname="com.salesforce.baseclass.BaseTest" name="@BeforeMethod setup" time="-1.664341862389E9">
    <skipped/>
  </testcase> <!-- @BeforeMethod setup -->
  <testcase classname="com.salesforce.baseclass.BaseTest" name="@AfterMethod tearDown" time="-1.664341862391E9">
    <skipped/>
  </testcase> <!-- @AfterMethod tearDown -->
  <testcase classname="com.salesforce.baseclass.BaseTest" name="@BeforeMethod setup" time="-1.664341862392E9">
    <skipped/>
  </testcase> <!-- @BeforeMethod setup -->
  <testcase classname="com.salesforce.baseclass.BaseTest" name="@AfterMethod tearDown" time="-1.664341862394E9">
    <skipped/>
  </testcase> <!-- @AfterMethod tearDown -->
  <testcase classname="com.salesforce.baseclass.BaseTest" name="@BeforeMethod setup" time="-1.664341862395E9">
    <skipped/>
  </testcase> <!-- @BeforeMethod setup -->
  <testcase classname="com.salesforce.baseclass.BaseTest" name="@AfterMethod tearDown" time="-1.664341862397E9">
    <skipped/>
  </testcase> <!-- @AfterMethod tearDown -->
  <testcase classname="com.salesforce.baseclass.BaseTest" name="@BeforeMethod setup" time="-1.664341862398E9">
    <skipped/>
  </testcase> <!-- @BeforeMethod setup -->
  <testcase classname="com.salesforce.baseclass.BaseTest" name="@AfterMethod tearDown" time="-1.6643418624E9">
    <skipped/>
  </testcase> <!-- @AfterMethod tearDown -->
  <testcase classname="com.salesforce.baseclass.BaseTest" name="@BeforeMethod setup" time="-1.664341862403E9">
    <skipped/>
  </testcase> <!-- @BeforeMethod setup -->
  <testcase classname="com.salesforce.baseclass.BaseTest" name="@AfterMethod tearDown" time="-1.664341862404E9">
    <skipped/>
  </testcase> <!-- @AfterMethod tearDown -->
  <testcase classname="com.salesforce.baseclass.BaseTest" name="@BeforeMethod setup" time="-1.664341862405E9">
    <skipped/>
  </testcase> <!-- @BeforeMethod setup -->
  <testcase classname="com.salesforce.baseclass.BaseTest" name="@AfterMethod tearDown" time="-1.664341862406E9">
    <skipped/>
  </testcase> <!-- @AfterMethod tearDown -->
  <testcase classname="com.salesforce.baseclass.BaseTest" name="@BeforeMethod setup" time="-1.664341862407E9">
    <skipped/>
  </testcase> <!-- @BeforeMethod setup -->
  <testcase classname="com.salesforce.baseclass.BaseTest" name="@AfterMethod tearDown" time="-1.664341862409E9">
    <skipped/>
  </testcase> <!-- @AfterMethod tearDown -->
  <testcase classname="com.salesforce.baseclass.BaseTest" name="@BeforeMethod setup" time="-1.664341862409E9">
    <skipped/>
  </testcase> <!-- @BeforeMethod setup -->
  <testcase classname="com.salesforce.baseclass.BaseTest" name="@AfterMethod tearDown" time="-1.66434186241E9">
    <skipped/>
  </testcase> <!-- @AfterMethod tearDown -->
  <testcase classname="com.salesforce.baseclass.BaseTest" name="@BeforeMethod setup" time="-1.664341862412E9">
    <skipped/>
  </testcase> <!-- @BeforeMethod setup -->
  <testcase classname="com.salesforce.baseclass.BaseTest" name="@AfterMethod tearDown" time="-1.664341862413E9">
    <skipped/>
  </testcase> <!-- @AfterMethod tearDown -->
  <testcase classname="com.salesforce.baseclass.BaseTest" name="@BeforeMethod setup" time="-1.664341862414E9">
    <skipped/>
  </testcase> <!-- @BeforeMethod setup -->
  <testcase classname="com.salesforce.baseclass.BaseTest" name="@AfterMethod tearDown" time="-1.664341862415E9">
    <skipped/>
  </testcase> <!-- @AfterMethod tearDown -->
  <testcase classname="com.salesforce.baseclass.BaseTest" name="@BeforeMethod setup" time="-1.664341862415E9">
    <skipped/>
  </testcase> <!-- @BeforeMethod setup -->
  <testcase classname="com.salesforce.baseclass.BaseTest" name="@AfterMethod tearDown" time="-1.664341862417E9">
    <skipped/>
  </testcase> <!-- @AfterMethod tearDown -->
  <testcase classname="com.salesforce.automationscript.AutomationScript" name="checkRememberMeTC03" time="0.0">
    <skipped/>
  </testcase> <!-- checkRememberMeTC03 -->
  <testcase classname="com.salesforce.automationscript.AutomationScript" name="creatAccountReportTC14" time="0.0">
    <skipped/>
  </testcase> <!-- creatAccountReportTC14 -->
  <testcase classname="com.salesforce.automationscript.AutomationScript" name="creatAccountTC10" time="0.0">
    <skipped/>
  </testcase> <!-- creatAccountTC10 -->
  <testcase classname="com.salesforce.automationscript.AutomationScript" name="creatNewviewTC11" time="0.0">
    <skipped/>
  </testcase> <!-- creatNewviewTC11 -->
  <testcase classname="com.salesforce.automationscript.AutomationScript" name="createNewOptyTC16" time="0.0">
    <skipped/>
  </testcase> <!-- createNewOptyTC16 -->
  <testcase classname="com.salesforce.automationscript.AutomationScript" name="defaultViewTC22" time="0.001">
    <skipped/>
  </testcase> <!-- defaultViewTC22 -->
  <testcase classname="com.salesforce.automationscript.AutomationScript" name="editViewTC12" time="0.0">
    <skipped/>
  </testcase> <!-- editViewTC12 -->
  <testcase classname="com.salesforce.automationscript.AutomationScript" name="forgotPasswardTC04A" time="0.0">
    <skipped/>
  </testcase> <!-- forgotPasswardTC04A -->
  <testcase classname="com.salesforce.automationscript.AutomationScript" name="forgotPasswardTC04B" time="0.0">
    <skipped/>
  </testcase> <!-- forgotPasswardTC04B -->
  <testcase classname="com.salesforce.automationscript.AutomationScript" name="leadTabTC20" time="0.0">
    <skipped/>
  </testcase> <!-- leadTabTC20 -->
  <testcase classname="com.salesforce.automationscript.AutomationScript" name="leadsSelectViewTC21" time="0.0">
    <skipped/>
  </testcase> <!-- leadsSelectViewTC21 -->
  <testcase classname="com.salesforce.automationscript.AutomationScript" name="loginErrorMessageTC01" time="0.0">
    <skipped/>
  </testcase> <!-- loginErrorMessageTC01 -->
  <testcase classname="com.salesforce.automationscript.AutomationScript" name="loginToSalesForceTC02" time="0.0">
    <skipped/>
  </testcase> <!-- loginToSalesForceTC02 -->
  <testcase classname="com.salesforce.automationscript.AutomationScript" name="mergeAccountTC13" time="0.0">
    <skipped/>
  </testcase> <!-- mergeAccountTC13 -->
  <testcase classname="com.salesforce.automationscript.AutomationScript" name="newOnleadHomeTC24" time="0.0">
    <skipped/>
  </testcase> <!-- newOnleadHomeTC24 -->
  <testcase classname="com.salesforce.automationscript.AutomationScript" name="opportunitiesDropDownTC15" time="0.0">
    <skipped/>
  </testcase> <!-- opportunitiesDropDownTC15 -->
  <testcase classname="com.salesforce.automationscript.AutomationScript" name="selectDevelopersConsoleTC08" time="0.0">
    <skipped/>
  </testcase> <!-- selectDevelopersConsoleTC08 -->
  <testcase classname="com.salesforce.automationscript.AutomationScript" name="selectLogoutTC09" time="0.0">
    <failure type="org.testng.TestNGException" message="
Cannot inject @Test annotated Method [selectLogoutTC09] with [class java.lang.String].
For more information on native dependency injection please refer to https://testng.org/doc/documentation-main.html#native-dependency-injection">
      <![CDATA[org.testng.TestNGException: 
Cannot inject @Test annotated Method [selectLogoutTC09] with [class java.lang.String].
For more information on native dependency injection please refer to https://testng.org/doc/documentation-main.html#native-dependency-injection
at org.testng.internal.Parameters.checkParameterTypes(Parameters.java:439)
at org.testng.internal.Parameters.createParametersForMethod(Parameters.java:353)
at org.testng.internal.Parameters.createParameters(Parameters.java:708)
at org.testng.internal.Parameters.handleParameters(Parameters.java:884)
at org.testng.internal.Parameters.handleParameters(Parameters.java:740)
at org.testng.internal.ParameterHandler.handleParameters(ParameterHandler.java:59)
at org.testng.internal.ParameterHandler.createParameters(ParameterHandler.java:38)
at org.testng.internal.TestInvoker$MethodInvocationAgent.invoke(TestInvoker.java:791)
at org.testng.internal.TestInvoker.invokeTestMethods(TestInvoker.java:146)
at org.testng.internal.TestMethodWorker.invokeTestMethods(TestMethodWorker.java:146)
at org.testng.internal.TestMethodWorker.run(TestMethodWorker.java:128)
at java.base/java.util.ArrayList.forEach(ArrayList.java:1511)
at org.testng.TestRunner.privateRun(TestRunner.java:794)
at org.testng.TestRunner.run(TestRunner.java:596)
at org.testng.SuiteRunner.runTest(SuiteRunner.java:377)
at org.testng.SuiteRunner.runSequentially(SuiteRunner.java:371)
at org.testng.SuiteRunner.privateRun(SuiteRunner.java:332)
at org.testng.SuiteRunner.run(SuiteRunner.java:276)
at org.testng.SuiteRunnerWorker.runSuite(SuiteRunnerWorker.java:53)
at org.testng.SuiteRunnerWorker.run(SuiteRunnerWorker.java:96)
at org.testng.TestNG.runSuitesSequentially(TestNG.java:1212)
at org.testng.TestNG.runSuitesLocally(TestNG.java:1134)
at org.testng.TestNG.runSuites(TestNG.java:1063)
at org.testng.TestNG.run(TestNG.java:1031)
at org.testng.remote.AbstractRemoteTestNG.run(AbstractRemoteTestNG.java:115)
at org.testng.remote.RemoteTestNG.initAndRun(RemoteTestNG.java:251)
at org.testng.remote.RemoteTestNG.main(RemoteTestNG.java:77)
]]>
    </failure>
  </testcase> <!-- selectLogoutTC09 -->
  <testcase classname="com.salesforce.automationscript.AutomationScript" name="selectMySettingTC07" time="0.0">
    <skipped/>
  </testcase> <!-- selectMySettingTC07 -->
  <testcase classname="com.salesforce.automationscript.AutomationScript" name="selectMyprofileTC06" time="0.0">
    <skipped/>
  </testcase> <!-- selectMyprofileTC06 -->
  <testcase classname="com.salesforce.automationscript.AutomationScript" name="selectUsermenuDropdownTC05" time="0.0">
    <skipped/>
  </testcase> <!-- selectUsermenuDropdownTC05 -->
  <testcase classname="com.salesforce.automationscript.AutomationScript" name="testOpportunityPipelineReportTC17" time="0.0">
    <skipped/>
  </testcase> <!-- testOpportunityPipelineReportTC17 -->
  <testcase classname="com.salesforce.automationscript.AutomationScript" name="testQuarterlySummaryReportTC19" time="0.0">
    <skipped/>
  </testcase> <!-- testQuarterlySummaryReportTC19 -->
  <testcase classname="com.salesforce.automationscript.AutomationScript" name="testStuckOpportunitiesReportTC18" time="0.0">
    <skipped/>
  </testcase> <!-- testStuckOpportunitiesReportTC18 -->
  <testcase classname="com.salesforce.automationscript.AutomationScript" name="todaysLeadTC23" time="0.0">
    <skipped/>
  </testcase> <!-- todaysLeadTC23 -->
</testsuite> <!-- Default test -->
