<?xml version="1.0" encoding="UTF-8"?>
<!-- Generated by org.testng.reporters.JUnitXMLReporter -->
<testsuite ignored="0" hostname="DESKTOP-MAGKF8V" failures="5" tests="38" name="Testing salesforce edge" time="1030.216" errors="0" timestamp="2022-10-01T09:00:31 CDT">
  <testcase classname="com.salesforce.baseclass.BaseTest" name="@AfterMethod tearDown" time="0.0">
    <failure type="org.openqa.selenium.NoSuchSessionException" message="Session ID is null. Using WebDriver after calling quit()?
Build info: version: &amp;apos;4.4.0&amp;apos;, revision: &amp;apos;e5c75ed026a&amp;apos;
System info: host: &amp;apos;DESKTOP-MAGKF8V&amp;apos;, ip: &amp;apos;192.168.1.71&amp;apos;, os.name: &amp;apos;Windows 11&amp;apos;, os.arch: &amp;apos;amd64&amp;apos;, os.version: &amp;apos;10.0&amp;apos;, java.version: &amp;apos;17.0.4&amp;apos;
Driver info: org.openqa.selenium.edge.EdgeDriver
Command: [null, close {}]
Capabilities {acceptInsecureCerts: false, browserName: msedge, browserVersion: 105.0.1343.53, ms:edgeOptions: {debuggerAddress: localhost:57512}, msedge: {msedgedriverVersion: 105.0.1343.53 (3a47f00402d5..., userDataDir: C:\Users\mkuma\AppData\Loca...}, networkConnectionEnabled: false, pageLoadStrategy: normal, platformName: WINDOWS, proxy: Proxy(), se:cdp: ws://localhost:57512/devtoo..., se:cdpVersion: 105.0.1343.53, setWindowRect: true, strictFileInteractability: false, timeouts: {implicit: 0, pageLoad: 300000, script: 30000}, unhandledPromptBehavior: dismiss and notify, webauthn:extension:credBlob: true, webauthn:extension:largeBlob: true, webauthn:virtualAuthenticators: true}">
      <![CDATA[org.openqa.selenium.NoSuchSessionException: Session ID is null. Using WebDriver after calling quit()?
Build info: version: '4.4.0', revision: 'e5c75ed026a'
System info: host: 'DESKTOP-MAGKF8V', ip: '192.168.1.71', os.name: 'Windows 11', os.arch: 'amd64', os.version: '10.0', java.version: '17.0.4'
Driver info: org.openqa.selenium.edge.EdgeDriver
Command: [null, close {}]
Capabilities {acceptInsecureCerts: false, browserName: msedge, browserVersion: 105.0.1343.53, ms:edgeOptions: {debuggerAddress: localhost:57512}, msedge: {msedgedriverVersion: 105.0.1343.53 (3a47f00402d5..., userDataDir: C:\Users\mkuma\AppData\Loca...}, networkConnectionEnabled: false, pageLoadStrategy: normal, platformName: WINDOWS, proxy: Proxy(), se:cdp: ws://localhost:57512/devtoo..., se:cdpVersion: 105.0.1343.53, setWindowRect: true, strictFileInteractability: false, timeouts: {implicit: 0, pageLoad: 300000, script: 30000}, unhandledPromptBehavior: dismiss and notify, webauthn:extension:credBlob: true, webauthn:extension:largeBlob: true, webauthn:virtualAuthenticators: true}
at org.openqa.selenium.remote.HttpCommandExecutor.execute(HttpCommandExecutor.java:145)
at org.openqa.selenium.remote.service.DriverCommandExecutor.invokeExecute(DriverCommandExecutor.java:167)
at org.openqa.selenium.remote.service.DriverCommandExecutor.execute(DriverCommandExecutor.java:142)
at org.openqa.selenium.remote.RemoteWebDriver.execute(RemoteWebDriver.java:547)
at org.openqa.selenium.remote.RemoteWebDriver.execute(RemoteWebDriver.java:602)
at org.openqa.selenium.remote.RemoteWebDriver.execute(RemoteWebDriver.java:606)
at org.openqa.selenium.remote.RemoteWebDriver.close(RemoteWebDriver.java:432)
at com.salesforce.baseclass.BaseTest.closeBrowser(BaseTest.java:277)
at com.salesforce.baseclass.BaseTest.tearDown(BaseTest.java:52)
at java.base/java.util.ArrayList.forEach(ArrayList.java:1511)
... Removed 31 stack frames]]>
    </failure>
  </testcase> <!-- @AfterMethod tearDown -->
  <testcase classname="com.salesforce.baseclass.BaseTest" name="@BeforeMethod setup" time="-1.664632831305E9">
    <skipped/>
  </testcase> <!-- @BeforeMethod setup -->
  <testcase classname="com.salesforce.baseclass.BaseTest" name="@AfterMethod tearDown" time="-1.664632831305E9">
    <skipped/>
  </testcase> <!-- @AfterMethod tearDown -->
  <testcase classname="com.salesforce.baseclass.BaseTest" name="@BeforeMethod setup" time="-1.664632831305E9">
    <skipped/>
  </testcase> <!-- @BeforeMethod setup -->
  <testcase classname="com.salesforce.baseclass.BaseTest" name="@AfterMethod tearDown" time="-1.664632831305E9">
    <skipped/>
  </testcase> <!-- @AfterMethod tearDown -->
  <testcase classname="com.salesforce.baseclass.BaseTest" name="@BeforeMethod setup" time="-1.664632831321E9">
    <skipped/>
  </testcase> <!-- @BeforeMethod setup -->
  <testcase classname="com.salesforce.baseclass.BaseTest" name="@AfterMethod tearDown" time="-1.664632831321E9">
    <skipped/>
  </testcase> <!-- @AfterMethod tearDown -->
  <testcase classname="com.salesforce.baseclass.BaseTest" name="@BeforeMethod setup" time="-1.664632831321E9">
    <skipped/>
  </testcase> <!-- @BeforeMethod setup -->
  <testcase classname="com.salesforce.baseclass.BaseTest" name="@AfterMethod tearDown" time="-1.664632831321E9">
    <skipped/>
  </testcase> <!-- @AfterMethod tearDown -->
  <testcase classname="com.salesforce.baseclass.BaseTest" name="@BeforeMethod setup" time="-1.664632831321E9">
    <skipped/>
  </testcase> <!-- @BeforeMethod setup -->
  <testcase classname="com.salesforce.baseclass.BaseTest" name="@AfterMethod tearDown" time="-1.664632831321E9">
    <skipped/>
  </testcase> <!-- @AfterMethod tearDown -->
  <testcase classname="com.salesforce.baseclass.BaseTest" name="@BeforeMethod setup" time="-1.664632831321E9">
    <skipped/>
  </testcase> <!-- @BeforeMethod setup -->
  <testcase classname="com.salesforce.baseclass.BaseTest" name="@AfterMethod tearDown" time="-1.664632831321E9">
    <skipped/>
  </testcase> <!-- @AfterMethod tearDown -->
  <testcase classname="com.salesforce.baseclass.BaseTest" name="@BeforeMethod setup" time="-1.664632831321E9">
    <skipped/>
  </testcase> <!-- @BeforeMethod setup -->
  <testcase classname="com.salesforce.baseclass.BaseTest" name="@AfterMethod tearDown" time="-1.664632831333E9">
    <skipped/>
  </testcase> <!-- @AfterMethod tearDown -->
  <testcase classname="com.salesforce.baseclass.BaseTest" name="@BeforeMethod setup" time="-1.664632831333E9">
    <skipped/>
  </testcase> <!-- @BeforeMethod setup -->
  <testcase classname="com.salesforce.baseclass.BaseTest" name="@AfterMethod tearDown" time="-1.664632831333E9">
    <skipped/>
  </testcase> <!-- @AfterMethod tearDown -->
  <testcase classname="com.salesforce.baseclass.BaseTest" name="@BeforeMethod setup" time="-1.664632831333E9">
    <skipped/>
  </testcase> <!-- @BeforeMethod setup -->
  <testcase classname="com.salesforce.baseclass.BaseTest" name="@AfterMethod tearDown" time="-1.664632831333E9">
    <skipped/>
  </testcase> <!-- @AfterMethod tearDown -->
  <testcase classname="com.salesforce.automationscript.AutomationScript" name="blockingEventCalendarWeeklyRecurranceTC37" time="60.086"/>
  <testcase classname="com.salesforce.automationscript.AutomationScript" name="blockingEventinCalendarTC36" time="47.635"/>
  <testcase classname="com.salesforce.automationscript.AutomationScript" name="checkCancleButtonTC31" time="34.193"/>
  <testcase classname="com.salesforce.automationscript.AutomationScript" name="checkErrorMessageTC30" time="30.214"/>
  <testcase classname="com.salesforce.automationscript.AutomationScript" name="checkMyContactViewTC28" time="16.522"/>
  <testcase classname="com.salesforce.automationscript.AutomationScript" name="checkRecentlyCreatedContactTC27" time="16.308"/>
  <testcase classname="com.salesforce.automationscript.AutomationScript" name="checkRememberMeTC03" time="26.223"/>
  <testcase classname="com.salesforce.automationscript.AutomationScript" name="checkSaveandNewButtonTC32" time="31.503">
    <failure type="org.openqa.selenium.NoSuchElementException" message="no such element: Unable to locate element: {&amp;quot;method&amp;quot;:&amp;quot;xpath&amp;quot;,&amp;quot;selector&amp;quot;:&amp;quot;//*[@id=&amp;quot;mru0034x00001IdNo9&amp;quot;]/a/span&amp;quot;}
  (Session info: MicrosoftEdge=105.0.1343.53)
For documentation on this error, please visit: https://selenium.dev/exceptions/#no_such_element
Build info: version: &amp;apos;4.4.0&amp;apos;, revision: &amp;apos;e5c75ed026a&amp;apos;
System info: host: &amp;apos;DESKTOP-MAGKF8V&amp;apos;, ip: &amp;apos;192.168.1.71&amp;apos;, os.name: &amp;apos;Windows 11&amp;apos;, os.arch: &amp;apos;amd64&amp;apos;, os.version: &amp;apos;10.0&amp;apos;, java.version: &amp;apos;17.0.4&amp;apos;
Driver info: org.openqa.selenium.edge.EdgeDriver
Command: [1ad44336b9a66e2167a38eb7a3518374, findElement {using=xpath, value=//*[@id=&amp;quot;mru0034x00001IdNo9&amp;quot;]/a/span}]
Capabilities {acceptInsecureCerts: false, browserName: msedge, browserVersion: 105.0.1343.53, ms:edgeOptions: {debuggerAddress: localhost:55606}, msedge: {msedgedriverVersion: 105.0.1343.53 (3a47f00402d5..., userDataDir: C:\Users\mkuma\AppData\Loca...}, networkConnectionEnabled: false, pageLoadStrategy: normal, platformName: WINDOWS, proxy: Proxy(), se:cdp: ws://localhost:55606/devtoo..., se:cdpVersion: 105.0.1343.53, setWindowRect: true, strictFileInteractability: false, timeouts: {implicit: 0, pageLoad: 300000, script: 30000}, unhandledPromptBehavior: dismiss and notify, webauthn:extension:credBlob: true, webauthn:extension:largeBlob: true, webauthn:virtualAuthenticators: true}
Session ID: 1ad44336b9a66e2167a38eb7a3518374">
      <![CDATA[org.openqa.selenium.NoSuchElementException: no such element: Unable to locate element: {"method":"xpath","selector":"//*[@id="mru0034x00001IdNo9"]/a/span"}
  (Session info: MicrosoftEdge=105.0.1343.53)
For documentation on this error, please visit: https://selenium.dev/exceptions/#no_such_element
Build info: version: '4.4.0', revision: 'e5c75ed026a'
System info: host: 'DESKTOP-MAGKF8V', ip: '192.168.1.71', os.name: 'Windows 11', os.arch: 'amd64', os.version: '10.0', java.version: '17.0.4'
Driver info: org.openqa.selenium.edge.EdgeDriver
Command: [1ad44336b9a66e2167a38eb7a3518374, findElement {using=xpath, value=//*[@id="mru0034x00001IdNo9"]/a/span}]
Capabilities {acceptInsecureCerts: false, browserName: msedge, browserVersion: 105.0.1343.53, ms:edgeOptions: {debuggerAddress: localhost:55606}, msedge: {msedgedriverVersion: 105.0.1343.53 (3a47f00402d5..., userDataDir: C:\Users\mkuma\AppData\Loca...}, networkConnectionEnabled: false, pageLoadStrategy: normal, platformName: WINDOWS, proxy: Proxy(), se:cdp: ws://localhost:55606/devtoo..., se:cdpVersion: 105.0.1343.53, setWindowRect: true, strictFileInteractability: false, timeouts: {implicit: 0, pageLoad: 300000, script: 30000}, unhandledPromptBehavior: dismiss and notify, webauthn:extension:credBlob: true, webauthn:extension:largeBlob: true, webauthn:virtualAuthenticators: true}
Session ID: 1ad44336b9a66e2167a38eb7a3518374
at org.openqa.selenium.remote.codec.w3c.W3CHttpResponseCodec.createException(W3CHttpResponseCodec.java:200)
at org.openqa.selenium.remote.codec.w3c.W3CHttpResponseCodec.decode(W3CHttpResponseCodec.java:133)
at org.openqa.selenium.remote.codec.w3c.W3CHttpResponseCodec.decode(W3CHttpResponseCodec.java:53)
at org.openqa.selenium.remote.HttpCommandExecutor.execute(HttpCommandExecutor.java:184)
at org.openqa.selenium.remote.service.DriverCommandExecutor.invokeExecute(DriverCommandExecutor.java:167)
at org.openqa.selenium.remote.service.DriverCommandExecutor.execute(DriverCommandExecutor.java:142)
at org.openqa.selenium.remote.RemoteWebDriver.execute(RemoteWebDriver.java:547)
at org.openqa.selenium.remote.ElementLocation$ElementFinder$2.findElement(ElementLocation.java:162)
at org.openqa.selenium.remote.ElementLocation.findElement(ElementLocation.java:60)
at org.openqa.selenium.remote.RemoteWebDriver.findElement(RemoteWebDriver.java:365)
at org.openqa.selenium.remote.RemoteWebDriver.findElement(RemoteWebDriver.java:357)
at com.salesforce.automationscript.AutomationScript.checkSaveandNewButtonTC32(AutomationScript.java:867)
at java.base/java.util.ArrayList.forEach(ArrayList.java:1511)
... Removed 31 stack frames]]>
    </failure>
  </testcase> <!-- checkSaveandNewButtonTC32 -->
  <testcase classname="com.salesforce.automationscript.AutomationScript" name="creatAccountReportTC14" time="47.2">
    <failure type="org.openqa.selenium.NoSuchElementException" message="no such element: Unable to locate element: {&amp;quot;method&amp;quot;:&amp;quot;css selector&amp;quot;,&amp;quot;selector&amp;quot;:&amp;quot;#ext-gen294&amp;quot;}
  (Session info: MicrosoftEdge=105.0.1343.53)
For documentation on this error, please visit: https://selenium.dev/exceptions/#no_such_element
Build info: version: &amp;apos;4.4.0&amp;apos;, revision: &amp;apos;e5c75ed026a&amp;apos;
System info: host: &amp;apos;DESKTOP-MAGKF8V&amp;apos;, ip: &amp;apos;192.168.1.71&amp;apos;, os.name: &amp;apos;Windows 11&amp;apos;, os.arch: &amp;apos;amd64&amp;apos;, os.version: &amp;apos;10.0&amp;apos;, java.version: &amp;apos;17.0.4&amp;apos;
Driver info: org.openqa.selenium.edge.EdgeDriver
Command: [a9a39d73af70fd9b7b6d3408dab8051b, findElement {using=css selector, value=#ext-gen294}]
Capabilities {acceptInsecureCerts: false, browserName: msedge, browserVersion: 105.0.1343.53, ms:edgeOptions: {debuggerAddress: localhost:55698}, msedge: {msedgedriverVersion: 105.0.1343.53 (3a47f00402d5..., userDataDir: C:\Users\mkuma\AppData\Loca...}, networkConnectionEnabled: false, pageLoadStrategy: normal, platformName: WINDOWS, proxy: Proxy(), se:cdp: ws://localhost:55698/devtoo..., se:cdpVersion: 105.0.1343.53, setWindowRect: true, strictFileInteractability: false, timeouts: {implicit: 0, pageLoad: 300000, script: 30000}, unhandledPromptBehavior: dismiss and notify, webauthn:extension:credBlob: true, webauthn:extension:largeBlob: true, webauthn:virtualAuthenticators: true}
Session ID: a9a39d73af70fd9b7b6d3408dab8051b">
      <![CDATA[org.openqa.selenium.NoSuchElementException: no such element: Unable to locate element: {"method":"css selector","selector":"#ext-gen294"}
  (Session info: MicrosoftEdge=105.0.1343.53)
For documentation on this error, please visit: https://selenium.dev/exceptions/#no_such_element
Build info: version: '4.4.0', revision: 'e5c75ed026a'
System info: host: 'DESKTOP-MAGKF8V', ip: '192.168.1.71', os.name: 'Windows 11', os.arch: 'amd64', os.version: '10.0', java.version: '17.0.4'
Driver info: org.openqa.selenium.edge.EdgeDriver
Command: [a9a39d73af70fd9b7b6d3408dab8051b, findElement {using=css selector, value=#ext-gen294}]
Capabilities {acceptInsecureCerts: false, browserName: msedge, browserVersion: 105.0.1343.53, ms:edgeOptions: {debuggerAddress: localhost:55698}, msedge: {msedgedriverVersion: 105.0.1343.53 (3a47f00402d5..., userDataDir: C:\Users\mkuma\AppData\Loca...}, networkConnectionEnabled: false, pageLoadStrategy: normal, platformName: WINDOWS, proxy: Proxy(), se:cdp: ws://localhost:55698/devtoo..., se:cdpVersion: 105.0.1343.53, setWindowRect: true, strictFileInteractability: false, timeouts: {implicit: 0, pageLoad: 300000, script: 30000}, unhandledPromptBehavior: dismiss and notify, webauthn:extension:credBlob: true, webauthn:extension:largeBlob: true, webauthn:virtualAuthenticators: true}
Session ID: a9a39d73af70fd9b7b6d3408dab8051b
at org.openqa.selenium.remote.codec.w3c.W3CHttpResponseCodec.createException(W3CHttpResponseCodec.java:200)
at org.openqa.selenium.remote.codec.w3c.W3CHttpResponseCodec.decode(W3CHttpResponseCodec.java:133)
at org.openqa.selenium.remote.codec.w3c.W3CHttpResponseCodec.decode(W3CHttpResponseCodec.java:53)
at org.openqa.selenium.remote.HttpCommandExecutor.execute(HttpCommandExecutor.java:184)
at org.openqa.selenium.remote.service.DriverCommandExecutor.invokeExecute(DriverCommandExecutor.java:167)
at org.openqa.selenium.remote.service.DriverCommandExecutor.execute(DriverCommandExecutor.java:142)
at org.openqa.selenium.remote.RemoteWebDriver.execute(RemoteWebDriver.java:547)
at org.openqa.selenium.remote.ElementLocation$ElementFinder$2.findElement(ElementLocation.java:162)
at org.openqa.selenium.remote.ElementLocation.findElement(ElementLocation.java:60)
at org.openqa.selenium.remote.RemoteWebDriver.findElement(RemoteWebDriver.java:365)
at org.openqa.selenium.remote.RemoteWebDriver.findElement(RemoteWebDriver.java:357)
at com.salesforce.automationscript.AutomationScript.creatAccountReportTC14(AutomationScript.java:519)
at java.base/java.util.ArrayList.forEach(ArrayList.java:1511)
... Removed 31 stack frames]]>
    </failure>
  </testcase> <!-- creatAccountReportTC14 -->
  <testcase classname="com.salesforce.automationscript.AutomationScript" name="creatAccountTC10" time="20.021">
    <failure type="org.openqa.selenium.NoSuchElementException" message="no such element: Unable to locate element: {&amp;quot;method&amp;quot;:&amp;quot;xpath&amp;quot;,&amp;quot;selector&amp;quot;:&amp;quot;//*[@id=&amp;quot;tryLexDialogX&amp;quot;]&amp;quot;}
  (Session info: MicrosoftEdge=105.0.1343.53)
For documentation on this error, please visit: https://selenium.dev/exceptions/#no_such_element
Build info: version: &amp;apos;4.4.0&amp;apos;, revision: &amp;apos;e5c75ed026a&amp;apos;
System info: host: &amp;apos;DESKTOP-MAGKF8V&amp;apos;, ip: &amp;apos;192.168.1.71&amp;apos;, os.name: &amp;apos;Windows 11&amp;apos;, os.arch: &amp;apos;amd64&amp;apos;, os.version: &amp;apos;10.0&amp;apos;, java.version: &amp;apos;17.0.4&amp;apos;
Driver info: org.openqa.selenium.edge.EdgeDriver
Command: [e51388004b68ab636ea512ff1e466c4b, findElement {using=xpath, value=//*[@id=&amp;quot;tryLexDialogX&amp;quot;]}]
Capabilities {acceptInsecureCerts: false, browserName: msedge, browserVersion: 105.0.1343.53, ms:edgeOptions: {debuggerAddress: localhost:55787}, msedge: {msedgedriverVersion: 105.0.1343.53 (3a47f00402d5..., userDataDir: C:\Users\mkuma\AppData\Loca...}, networkConnectionEnabled: false, pageLoadStrategy: normal, platformName: WINDOWS, proxy: Proxy(), se:cdp: ws://localhost:55787/devtoo..., se:cdpVersion: 105.0.1343.53, setWindowRect: true, strictFileInteractability: false, timeouts: {implicit: 0, pageLoad: 300000, script: 30000}, unhandledPromptBehavior: dismiss and notify, webauthn:extension:credBlob: true, webauthn:extension:largeBlob: true, webauthn:virtualAuthenticators: true}
Session ID: e51388004b68ab636ea512ff1e466c4b">
      <![CDATA[org.openqa.selenium.NoSuchElementException: no such element: Unable to locate element: {"method":"xpath","selector":"//*[@id="tryLexDialogX"]"}
  (Session info: MicrosoftEdge=105.0.1343.53)
For documentation on this error, please visit: https://selenium.dev/exceptions/#no_such_element
Build info: version: '4.4.0', revision: 'e5c75ed026a'
System info: host: 'DESKTOP-MAGKF8V', ip: '192.168.1.71', os.name: 'Windows 11', os.arch: 'amd64', os.version: '10.0', java.version: '17.0.4'
Driver info: org.openqa.selenium.edge.EdgeDriver
Command: [e51388004b68ab636ea512ff1e466c4b, findElement {using=xpath, value=//*[@id="tryLexDialogX"]}]
Capabilities {acceptInsecureCerts: false, browserName: msedge, browserVersion: 105.0.1343.53, ms:edgeOptions: {debuggerAddress: localhost:55787}, msedge: {msedgedriverVersion: 105.0.1343.53 (3a47f00402d5..., userDataDir: C:\Users\mkuma\AppData\Loca...}, networkConnectionEnabled: false, pageLoadStrategy: normal, platformName: WINDOWS, proxy: Proxy(), se:cdp: ws://localhost:55787/devtoo..., se:cdpVersion: 105.0.1343.53, setWindowRect: true, strictFileInteractability: false, timeouts: {implicit: 0, pageLoad: 300000, script: 30000}, unhandledPromptBehavior: dismiss and notify, webauthn:extension:credBlob: true, webauthn:extension:largeBlob: true, webauthn:virtualAuthenticators: true}
Session ID: e51388004b68ab636ea512ff1e466c4b
at org.openqa.selenium.remote.codec.w3c.W3CHttpResponseCodec.createException(W3CHttpResponseCodec.java:200)
at org.openqa.selenium.remote.codec.w3c.W3CHttpResponseCodec.decode(W3CHttpResponseCodec.java:133)
at org.openqa.selenium.remote.codec.w3c.W3CHttpResponseCodec.decode(W3CHttpResponseCodec.java:53)
at org.openqa.selenium.remote.HttpCommandExecutor.execute(HttpCommandExecutor.java:184)
at org.openqa.selenium.remote.service.DriverCommandExecutor.invokeExecute(DriverCommandExecutor.java:167)
at org.openqa.selenium.remote.service.DriverCommandExecutor.execute(DriverCommandExecutor.java:142)
at org.openqa.selenium.remote.RemoteWebDriver.execute(RemoteWebDriver.java:547)
at org.openqa.selenium.remote.ElementLocation$ElementFinder$2.findElement(ElementLocation.java:162)
at org.openqa.selenium.remote.ElementLocation.findElement(ElementLocation.java:60)
at org.openqa.selenium.remote.RemoteWebDriver.findElement(RemoteWebDriver.java:365)
at org.openqa.selenium.remote.RemoteWebDriver.findElement(RemoteWebDriver.java:357)
at com.salesforce.automationscript.AutomationScript.creatAccountTC10(AutomationScript.java:390)
at java.base/java.util.ArrayList.forEach(ArrayList.java:1511)
... Removed 31 stack frames]]>
    </failure>
  </testcase> <!-- creatAccountTC10 -->
  <testcase classname="com.salesforce.automationscript.AutomationScript" name="creatNewContactTC25" time="38.704"/>
  <testcase classname="com.salesforce.automationscript.AutomationScript" name="creatNewviewTC11" time="29.901"/>
  <testcase classname="com.salesforce.automationscript.AutomationScript" name="createNewOptyTC16" time="41.493"/>
  <testcase classname="com.salesforce.automationscript.AutomationScript" name="defaultViewTC22" time="52.861"/>
  <testcase classname="com.salesforce.automationscript.AutomationScript" name="editViewTC12" time="34.763"/>
  <testcase classname="com.salesforce.automationscript.AutomationScript" name="firstnameLastnameLinkTC33" time="22.512"/>
  <testcase classname="com.salesforce.automationscript.AutomationScript" name="forgotPasswardTC04A" time="10.762"/>
  <testcase classname="com.salesforce.automationscript.AutomationScript" name="forgotPasswardTC04B" time="8.453"/>
  <testcase classname="com.salesforce.automationscript.AutomationScript" name="lastNameChangedatVariousPlaceTC34" time="42.197"/>
  <testcase classname="com.salesforce.automationscript.AutomationScript" name="leadTabTC20" time="31.515"/>
  <testcase classname="com.salesforce.automationscript.AutomationScript" name="leadsSelectViewTC21" time="25.011"/>
  <testcase classname="com.salesforce.automationscript.AutomationScript" name="loginErrorMessageTC01" time="6.949"/>
  <testcase classname="com.salesforce.automationscript.AutomationScript" name="loginToSalesForceTC02" time="11.664"/>
  <testcase classname="com.salesforce.automationscript.AutomationScript" name="mergeAccountTC13" time="84.87">
    <failure type="java.lang.ClassCastException" message="class org.openqa.selenium.edge.EdgeDriver cannot be cast to class org.openqa.selenium.Alert (org.openqa.selenium.edge.EdgeDriver and org.openqa.selenium.Alert are in unnamed module of loader &amp;apos;app&amp;apos;)">
      <![CDATA[java.lang.ClassCastException: class org.openqa.selenium.edge.EdgeDriver cannot be cast to class org.openqa.selenium.Alert (org.openqa.selenium.edge.EdgeDriver and org.openqa.selenium.Alert are in unnamed module of loader 'app')
at com.salesforce.automationscript.AutomationScript.mergeAccountTC13(AutomationScript.java:485)
at java.base/java.util.ArrayList.forEach(ArrayList.java:1511)
... Removed 27 stack frames]]>
    </failure>
  </testcase> <!-- mergeAccountTC13 -->
  <testcase classname="com.salesforce.automationscript.AutomationScript" name="newOnleadHomeTC24" time="35.612"/>
  <testcase classname="com.salesforce.automationscript.AutomationScript" name="newViewContactTC26" time="29.414"/>
  <testcase classname="com.salesforce.automationscript.AutomationScript" name="opportunitiesDropDownTC15" time="15.563"/>
  <testcase classname="com.salesforce.automationscript.AutomationScript" name="selectDevelopersConsoleTC08" time="35.778"/>
  <testcase classname="com.salesforce.automationscript.AutomationScript" name="selectLogoutTC09" time="0.0">
    <failure type="org.testng.TestNGException" message="
Cannot inject @Test annotated Method [selectLogoutTC09] with [class java.lang.String].
For more information on native dependency injection please refer to https://testng.org/doc/documentation-main.html#native-dependency-injection">
      <![CDATA[org.testng.TestNGException: 
Cannot inject @Test annotated Method [selectLogoutTC09] with [class java.lang.String].
For more information on native dependency injection please refer to https://testng.org/doc/documentation-main.html#native-dependency-injection
at java.base/java.util.ArrayList.forEach(ArrayList.java:1511)
... Removed 26 stack frames]]>
    </failure>
  </testcase> <!-- selectLogoutTC09 -->
  <testcase classname="com.salesforce.automationscript.AutomationScript" name="selectMySettingTC07" time="0.0">
    <skipped/>
  </testcase> <!-- selectMySettingTC07 -->
  <testcase classname="com.salesforce.automationscript.AutomationScript" name="selectMyprofileTC06" time="0.0">
    <skipped/>
  </testcase> <!-- selectMyprofileTC06 -->
  <testcase classname="com.salesforce.automationscript.AutomationScript" name="selectUsermenuDropdownTC05" time="0.0">
    <skipped/>
  </testcase> <!-- selectUsermenuDropdownTC05 -->
  <testcase classname="com.salesforce.automationscript.AutomationScript" name="testOpportunityPipelineReportTC17" time="0.0">
    <skipped/>
  </testcase> <!-- testOpportunityPipelineReportTC17 -->
  <testcase classname="com.salesforce.automationscript.AutomationScript" name="testQuarterlySummaryReportTC19" time="0.0">
    <skipped/>
  </testcase> <!-- testQuarterlySummaryReportTC19 -->
  <testcase classname="com.salesforce.automationscript.AutomationScript" name="testStuckOpportunitiesReportTC18" time="0.0">
    <skipped/>
  </testcase> <!-- testStuckOpportunitiesReportTC18 -->
  <testcase classname="com.salesforce.automationscript.AutomationScript" name="todaysLeadTC23" time="0.0">
    <skipped/>
  </testcase> <!-- todaysLeadTC23 -->
  <testcase classname="com.salesforce.automationscript.AutomationScript" name="verifyTabCustomizationTC35" time="0.0">
    <skipped/>
  </testcase> <!-- verifyTabCustomizationTC35 -->
  <testcase classname="com.salesforce.automationscript.AutomationScript" name="viewaContactinContactPageTC29" time="0.0">
    <skipped/>
  </testcase> <!-- viewaContactinContactPageTC29 -->
</testsuite> <!-- Testing salesforce edge -->
