<?xml version="1.0" encoding="UTF-8"?>
<!-- Generated by org.testng.reporters.JUnitXMLReporter -->
<testsuite ignored="0" hostname="DESKTOP-MAGKF8V" failures="5" tests="38" name="Testing salesforce chrome" time="979.718" errors="0" timestamp="2022-10-01T08:35:24 CDT">
  <testcase classname="com.salesforce.baseclass.BaseTest" name="@AfterMethod tearDown" time="0.0">
    <failure type="org.openqa.selenium.NoSuchSessionException" message="Session ID is null. Using WebDriver after calling quit()?
Build info: version: &amp;apos;4.4.0&amp;apos;, revision: &amp;apos;e5c75ed026a&amp;apos;
System info: host: &amp;apos;DESKTOP-MAGKF8V&amp;apos;, ip: &amp;apos;192.168.1.71&amp;apos;, os.name: &amp;apos;Windows 11&amp;apos;, os.arch: &amp;apos;amd64&amp;apos;, os.version: &amp;apos;10.0&amp;apos;, java.version: &amp;apos;17.0.4&amp;apos;
Driver info: org.openqa.selenium.chrome.ChromeDriver
Command: [null, close {}]
Capabilities {acceptInsecureCerts: false, browserName: chrome, browserVersion: 105.0.5195.127, chrome: {chromedriverVersion: 105.0.5195.52 (412c95e51883..., userDataDir: C:\Users\mkuma\AppData\Loca...}, goog:chromeOptions: {debuggerAddress: localhost:52435}, networkConnectionEnabled: false, pageLoadStrategy: normal, platformName: WINDOWS, proxy: Proxy(), se:cdp: ws://localhost:52435/devtoo..., se:cdpVersion: 105.0.5195.127, setWindowRect: true, strictFileInteractability: false, timeouts: {implicit: 0, pageLoad: 300000, script: 30000}, unhandledPromptBehavior: dismiss and notify, webauthn:extension:credBlob: true, webauthn:extension:largeBlob: true, webauthn:virtualAuthenticators: true}">
      <![CDATA[org.openqa.selenium.NoSuchSessionException: Session ID is null. Using WebDriver after calling quit()?
Build info: version: '4.4.0', revision: 'e5c75ed026a'
System info: host: 'DESKTOP-MAGKF8V', ip: '192.168.1.71', os.name: 'Windows 11', os.arch: 'amd64', os.version: '10.0', java.version: '17.0.4'
Driver info: org.openqa.selenium.chrome.ChromeDriver
Command: [null, close {}]
Capabilities {acceptInsecureCerts: false, browserName: chrome, browserVersion: 105.0.5195.127, chrome: {chromedriverVersion: 105.0.5195.52 (412c95e51883..., userDataDir: C:\Users\mkuma\AppData\Loca...}, goog:chromeOptions: {debuggerAddress: localhost:52435}, networkConnectionEnabled: false, pageLoadStrategy: normal, platformName: WINDOWS, proxy: Proxy(), se:cdp: ws://localhost:52435/devtoo..., se:cdpVersion: 105.0.5195.127, setWindowRect: true, strictFileInteractability: false, timeouts: {implicit: 0, pageLoad: 300000, script: 30000}, unhandledPromptBehavior: dismiss and notify, webauthn:extension:credBlob: true, webauthn:extension:largeBlob: true, webauthn:virtualAuthenticators: true}
at org.openqa.selenium.remote.HttpCommandExecutor.execute(HttpCommandExecutor.java:145)
at org.openqa.selenium.remote.service.DriverCommandExecutor.invokeExecute(DriverCommandExecutor.java:167)
at org.openqa.selenium.remote.service.DriverCommandExecutor.execute(DriverCommandExecutor.java:142)
at org.openqa.selenium.remote.RemoteWebDriver.execute(RemoteWebDriver.java:547)
at org.openqa.selenium.remote.RemoteWebDriver.execute(RemoteWebDriver.java:602)
at org.openqa.selenium.remote.RemoteWebDriver.execute(RemoteWebDriver.java:606)
at org.openqa.selenium.remote.RemoteWebDriver.close(RemoteWebDriver.java:432)
at com.salesforce.baseclass.BaseTest.closeBrowser(BaseTest.java:277)
at com.salesforce.baseclass.BaseTest.tearDown(BaseTest.java:52)
at java.base/java.util.ArrayList.forEach(ArrayList.java:1511)
... Removed 31 stack frames]]>
    </failure>
  </testcase> <!-- @AfterMethod tearDown -->
  <testcase classname="com.salesforce.baseclass.BaseTest" name="@BeforeMethod setup" time="-1.664631323977E9">
    <skipped/>
  </testcase> <!-- @BeforeMethod setup -->
  <testcase classname="com.salesforce.baseclass.BaseTest" name="@AfterMethod tearDown" time="-1.664631323977E9">
    <skipped/>
  </testcase> <!-- @AfterMethod tearDown -->
  <testcase classname="com.salesforce.baseclass.BaseTest" name="@BeforeMethod setup" time="-1.664631323977E9">
    <skipped/>
  </testcase> <!-- @BeforeMethod setup -->
  <testcase classname="com.salesforce.baseclass.BaseTest" name="@AfterMethod tearDown" time="-1.664631323993E9">
    <skipped/>
  </testcase> <!-- @AfterMethod tearDown -->
  <testcase classname="com.salesforce.baseclass.BaseTest" name="@BeforeMethod setup" time="-1.664631323993E9">
    <skipped/>
  </testcase> <!-- @BeforeMethod setup -->
  <testcase classname="com.salesforce.baseclass.BaseTest" name="@AfterMethod tearDown" time="-1.664631323993E9">
    <skipped/>
  </testcase> <!-- @AfterMethod tearDown -->
  <testcase classname="com.salesforce.baseclass.BaseTest" name="@BeforeMethod setup" time="-1.664631323993E9">
    <skipped/>
  </testcase> <!-- @BeforeMethod setup -->
  <testcase classname="com.salesforce.baseclass.BaseTest" name="@AfterMethod tearDown" time="-1.664631323993E9">
    <skipped/>
  </testcase> <!-- @AfterMethod tearDown -->
  <testcase classname="com.salesforce.baseclass.BaseTest" name="@BeforeMethod setup" time="-1.664631323993E9">
    <skipped/>
  </testcase> <!-- @BeforeMethod setup -->
  <testcase classname="com.salesforce.baseclass.BaseTest" name="@AfterMethod tearDown" time="-1.664631323993E9">
    <skipped/>
  </testcase> <!-- @AfterMethod tearDown -->
  <testcase classname="com.salesforce.baseclass.BaseTest" name="@BeforeMethod setup" time="-1.664631324007E9">
    <skipped/>
  </testcase> <!-- @BeforeMethod setup -->
  <testcase classname="com.salesforce.baseclass.BaseTest" name="@AfterMethod tearDown" time="-1.66463132401E9">
    <skipped/>
  </testcase> <!-- @AfterMethod tearDown -->
  <testcase classname="com.salesforce.baseclass.BaseTest" name="@BeforeMethod setup" time="-1.66463132401E9">
    <skipped/>
  </testcase> <!-- @BeforeMethod setup -->
  <testcase classname="com.salesforce.baseclass.BaseTest" name="@AfterMethod tearDown" time="-1.66463132401E9">
    <skipped/>
  </testcase> <!-- @AfterMethod tearDown -->
  <testcase classname="com.salesforce.baseclass.BaseTest" name="@BeforeMethod setup" time="-1.66463132401E9">
    <skipped/>
  </testcase> <!-- @BeforeMethod setup -->
  <testcase classname="com.salesforce.baseclass.BaseTest" name="@AfterMethod tearDown" time="-1.66463132401E9">
    <skipped/>
  </testcase> <!-- @AfterMethod tearDown -->
  <testcase classname="com.salesforce.baseclass.BaseTest" name="@BeforeMethod setup" time="-1.66463132401E9">
    <skipped/>
  </testcase> <!-- @BeforeMethod setup -->
  <testcase classname="com.salesforce.baseclass.BaseTest" name="@AfterMethod tearDown" time="-1.66463132401E9">
    <skipped/>
  </testcase> <!-- @AfterMethod tearDown -->
  <testcase classname="com.salesforce.automationscript.AutomationScript" name="blockingEventCalendarWeeklyRecurranceTC37" time="60.642"/>
  <testcase classname="com.salesforce.automationscript.AutomationScript" name="blockingEventinCalendarTC36" time="46.47"/>
  <testcase classname="com.salesforce.automationscript.AutomationScript" name="checkCancleButtonTC31" time="34.277"/>
  <testcase classname="com.salesforce.automationscript.AutomationScript" name="checkErrorMessageTC30" time="29.21"/>
  <testcase classname="com.salesforce.automationscript.AutomationScript" name="checkMyContactViewTC28" time="18.562"/>
  <testcase classname="com.salesforce.automationscript.AutomationScript" name="checkRecentlyCreatedContactTC27" time="18.092"/>
  <testcase classname="com.salesforce.automationscript.AutomationScript" name="checkRememberMeTC03" time="28.371"/>
  <testcase classname="com.salesforce.automationscript.AutomationScript" name="checkSaveandNewButtonTC32" time="32.639">
    <failure type="org.openqa.selenium.NoSuchElementException" message="no such element: Unable to locate element: {&amp;quot;method&amp;quot;:&amp;quot;xpath&amp;quot;,&amp;quot;selector&amp;quot;:&amp;quot;//*[@id=&amp;quot;mru0034x00001IdNo9&amp;quot;]/a/span&amp;quot;}
  (Session info: chrome=105.0.5195.127)
For documentation on this error, please visit: https://selenium.dev/exceptions/#no_such_element
Build info: version: &amp;apos;4.4.0&amp;apos;, revision: &amp;apos;e5c75ed026a&amp;apos;
System info: host: &amp;apos;DESKTOP-MAGKF8V&amp;apos;, ip: &amp;apos;192.168.1.71&amp;apos;, os.name: &amp;apos;Windows 11&amp;apos;, os.arch: &amp;apos;amd64&amp;apos;, os.version: &amp;apos;10.0&amp;apos;, java.version: &amp;apos;17.0.4&amp;apos;
Driver info: org.openqa.selenium.chrome.ChromeDriver
Command: [a6d6d178fb2a5b438f10e1297197c672, findElement {using=xpath, value=//*[@id=&amp;quot;mru0034x00001IdNo9&amp;quot;]/a/span}]
Capabilities {acceptInsecureCerts: false, browserName: chrome, browserVersion: 105.0.5195.127, chrome: {chromedriverVersion: 105.0.5195.52 (412c95e51883..., userDataDir: C:\Users\mkuma\AppData\Loca...}, goog:chromeOptions: {debuggerAddress: localhost:51182}, networkConnectionEnabled: false, pageLoadStrategy: normal, platformName: WINDOWS, proxy: Proxy(), se:cdp: ws://localhost:51182/devtoo..., se:cdpVersion: 105.0.5195.127, setWindowRect: true, strictFileInteractability: false, timeouts: {implicit: 0, pageLoad: 300000, script: 30000}, unhandledPromptBehavior: dismiss and notify, webauthn:extension:credBlob: true, webauthn:extension:largeBlob: true, webauthn:virtualAuthenticators: true}
Session ID: a6d6d178fb2a5b438f10e1297197c672">
      <![CDATA[org.openqa.selenium.NoSuchElementException: no such element: Unable to locate element: {"method":"xpath","selector":"//*[@id="mru0034x00001IdNo9"]/a/span"}
  (Session info: chrome=105.0.5195.127)
For documentation on this error, please visit: https://selenium.dev/exceptions/#no_such_element
Build info: version: '4.4.0', revision: 'e5c75ed026a'
System info: host: 'DESKTOP-MAGKF8V', ip: '192.168.1.71', os.name: 'Windows 11', os.arch: 'amd64', os.version: '10.0', java.version: '17.0.4'
Driver info: org.openqa.selenium.chrome.ChromeDriver
Command: [a6d6d178fb2a5b438f10e1297197c672, findElement {using=xpath, value=//*[@id="mru0034x00001IdNo9"]/a/span}]
Capabilities {acceptInsecureCerts: false, browserName: chrome, browserVersion: 105.0.5195.127, chrome: {chromedriverVersion: 105.0.5195.52 (412c95e51883..., userDataDir: C:\Users\mkuma\AppData\Loca...}, goog:chromeOptions: {debuggerAddress: localhost:51182}, networkConnectionEnabled: false, pageLoadStrategy: normal, platformName: WINDOWS, proxy: Proxy(), se:cdp: ws://localhost:51182/devtoo..., se:cdpVersion: 105.0.5195.127, setWindowRect: true, strictFileInteractability: false, timeouts: {implicit: 0, pageLoad: 300000, script: 30000}, unhandledPromptBehavior: dismiss and notify, webauthn:extension:credBlob: true, webauthn:extension:largeBlob: true, webauthn:virtualAuthenticators: true}
Session ID: a6d6d178fb2a5b438f10e1297197c672
at org.openqa.selenium.remote.codec.w3c.W3CHttpResponseCodec.createException(W3CHttpResponseCodec.java:200)
at org.openqa.selenium.remote.codec.w3c.W3CHttpResponseCodec.decode(W3CHttpResponseCodec.java:133)
at org.openqa.selenium.remote.codec.w3c.W3CHttpResponseCodec.decode(W3CHttpResponseCodec.java:53)
at org.openqa.selenium.remote.HttpCommandExecutor.execute(HttpCommandExecutor.java:184)
at org.openqa.selenium.remote.service.DriverCommandExecutor.invokeExecute(DriverCommandExecutor.java:167)
at org.openqa.selenium.remote.service.DriverCommandExecutor.execute(DriverCommandExecutor.java:142)
at org.openqa.selenium.remote.RemoteWebDriver.execute(RemoteWebDriver.java:547)
at org.openqa.selenium.remote.ElementLocation$ElementFinder$2.findElement(ElementLocation.java:162)
at org.openqa.selenium.remote.ElementLocation.findElement(ElementLocation.java:60)
at org.openqa.selenium.remote.RemoteWebDriver.findElement(RemoteWebDriver.java:365)
at org.openqa.selenium.remote.RemoteWebDriver.findElement(RemoteWebDriver.java:357)
at com.salesforce.automationscript.AutomationScript.checkSaveandNewButtonTC32(AutomationScript.java:867)
at java.base/java.util.ArrayList.forEach(ArrayList.java:1511)
... Removed 32 stack frames]]>
    </failure>
  </testcase> <!-- checkSaveandNewButtonTC32 -->
  <testcase classname="com.salesforce.automationscript.AutomationScript" name="creatAccountReportTC14" time="48.774">
    <failure type="org.openqa.selenium.NoSuchElementException" message="no such element: Unable to locate element: {&amp;quot;method&amp;quot;:&amp;quot;css selector&amp;quot;,&amp;quot;selector&amp;quot;:&amp;quot;#ext-gen294&amp;quot;}
  (Session info: chrome=105.0.5195.127)
For documentation on this error, please visit: https://selenium.dev/exceptions/#no_such_element
Build info: version: &amp;apos;4.4.0&amp;apos;, revision: &amp;apos;e5c75ed026a&amp;apos;
System info: host: &amp;apos;DESKTOP-MAGKF8V&amp;apos;, ip: &amp;apos;192.168.1.71&amp;apos;, os.name: &amp;apos;Windows 11&amp;apos;, os.arch: &amp;apos;amd64&amp;apos;, os.version: &amp;apos;10.0&amp;apos;, java.version: &amp;apos;17.0.4&amp;apos;
Driver info: org.openqa.selenium.chrome.ChromeDriver
Command: [b100b5d0ee64a8c151e355bdea104d36, findElement {using=css selector, value=#ext-gen294}]
Capabilities {acceptInsecureCerts: false, browserName: chrome, browserVersion: 105.0.5195.127, chrome: {chromedriverVersion: 105.0.5195.52 (412c95e51883..., userDataDir: C:\Users\mkuma\AppData\Loca...}, goog:chromeOptions: {debuggerAddress: localhost:51247}, networkConnectionEnabled: false, pageLoadStrategy: normal, platformName: WINDOWS, proxy: Proxy(), se:cdp: ws://localhost:51247/devtoo..., se:cdpVersion: 105.0.5195.127, setWindowRect: true, strictFileInteractability: false, timeouts: {implicit: 0, pageLoad: 300000, script: 30000}, unhandledPromptBehavior: dismiss and notify, webauthn:extension:credBlob: true, webauthn:extension:largeBlob: true, webauthn:virtualAuthenticators: true}
Session ID: b100b5d0ee64a8c151e355bdea104d36">
      <![CDATA[org.openqa.selenium.NoSuchElementException: no such element: Unable to locate element: {"method":"css selector","selector":"#ext-gen294"}
  (Session info: chrome=105.0.5195.127)
For documentation on this error, please visit: https://selenium.dev/exceptions/#no_such_element
Build info: version: '4.4.0', revision: 'e5c75ed026a'
System info: host: 'DESKTOP-MAGKF8V', ip: '192.168.1.71', os.name: 'Windows 11', os.arch: 'amd64', os.version: '10.0', java.version: '17.0.4'
Driver info: org.openqa.selenium.chrome.ChromeDriver
Command: [b100b5d0ee64a8c151e355bdea104d36, findElement {using=css selector, value=#ext-gen294}]
Capabilities {acceptInsecureCerts: false, browserName: chrome, browserVersion: 105.0.5195.127, chrome: {chromedriverVersion: 105.0.5195.52 (412c95e51883..., userDataDir: C:\Users\mkuma\AppData\Loca...}, goog:chromeOptions: {debuggerAddress: localhost:51247}, networkConnectionEnabled: false, pageLoadStrategy: normal, platformName: WINDOWS, proxy: Proxy(), se:cdp: ws://localhost:51247/devtoo..., se:cdpVersion: 105.0.5195.127, setWindowRect: true, strictFileInteractability: false, timeouts: {implicit: 0, pageLoad: 300000, script: 30000}, unhandledPromptBehavior: dismiss and notify, webauthn:extension:credBlob: true, webauthn:extension:largeBlob: true, webauthn:virtualAuthenticators: true}
Session ID: b100b5d0ee64a8c151e355bdea104d36
at org.openqa.selenium.remote.codec.w3c.W3CHttpResponseCodec.createException(W3CHttpResponseCodec.java:200)
at org.openqa.selenium.remote.codec.w3c.W3CHttpResponseCodec.decode(W3CHttpResponseCodec.java:133)
at org.openqa.selenium.remote.codec.w3c.W3CHttpResponseCodec.decode(W3CHttpResponseCodec.java:53)
at org.openqa.selenium.remote.HttpCommandExecutor.execute(HttpCommandExecutor.java:184)
at org.openqa.selenium.remote.service.DriverCommandExecutor.invokeExecute(DriverCommandExecutor.java:167)
at org.openqa.selenium.remote.service.DriverCommandExecutor.execute(DriverCommandExecutor.java:142)
at org.openqa.selenium.remote.RemoteWebDriver.execute(RemoteWebDriver.java:547)
at org.openqa.selenium.remote.ElementLocation$ElementFinder$2.findElement(ElementLocation.java:162)
at org.openqa.selenium.remote.ElementLocation.findElement(ElementLocation.java:60)
at org.openqa.selenium.remote.RemoteWebDriver.findElement(RemoteWebDriver.java:365)
at org.openqa.selenium.remote.RemoteWebDriver.findElement(RemoteWebDriver.java:357)
at com.salesforce.automationscript.AutomationScript.creatAccountReportTC14(AutomationScript.java:519)
at java.base/java.util.ArrayList.forEach(ArrayList.java:1511)
... Removed 32 stack frames]]>
    </failure>
  </testcase> <!-- creatAccountReportTC14 -->
  <testcase classname="com.salesforce.automationscript.AutomationScript" name="creatAccountTC10" time="20.169">
    <failure type="org.openqa.selenium.NoSuchElementException" message="no such element: Unable to locate element: {&amp;quot;method&amp;quot;:&amp;quot;xpath&amp;quot;,&amp;quot;selector&amp;quot;:&amp;quot;//*[@id=&amp;quot;tryLexDialogX&amp;quot;]&amp;quot;}
  (Session info: chrome=105.0.5195.127)
For documentation on this error, please visit: https://selenium.dev/exceptions/#no_such_element
Build info: version: &amp;apos;4.4.0&amp;apos;, revision: &amp;apos;e5c75ed026a&amp;apos;
System info: host: &amp;apos;DESKTOP-MAGKF8V&amp;apos;, ip: &amp;apos;192.168.1.71&amp;apos;, os.name: &amp;apos;Windows 11&amp;apos;, os.arch: &amp;apos;amd64&amp;apos;, os.version: &amp;apos;10.0&amp;apos;, java.version: &amp;apos;17.0.4&amp;apos;
Driver info: org.openqa.selenium.chrome.ChromeDriver
Command: [662933ef97285ec931722f1dc249705a, findElement {using=xpath, value=//*[@id=&amp;quot;tryLexDialogX&amp;quot;]}]
Capabilities {acceptInsecureCerts: false, browserName: chrome, browserVersion: 105.0.5195.127, chrome: {chromedriverVersion: 105.0.5195.52 (412c95e51883..., userDataDir: C:\Users\mkuma\AppData\Loca...}, goog:chromeOptions: {debuggerAddress: localhost:51314}, networkConnectionEnabled: false, pageLoadStrategy: normal, platformName: WINDOWS, proxy: Proxy(), se:cdp: ws://localhost:51314/devtoo..., se:cdpVersion: 105.0.5195.127, setWindowRect: true, strictFileInteractability: false, timeouts: {implicit: 0, pageLoad: 300000, script: 30000}, unhandledPromptBehavior: dismiss and notify, webauthn:extension:credBlob: true, webauthn:extension:largeBlob: true, webauthn:virtualAuthenticators: true}
Session ID: 662933ef97285ec931722f1dc249705a">
      <![CDATA[org.openqa.selenium.NoSuchElementException: no such element: Unable to locate element: {"method":"xpath","selector":"//*[@id="tryLexDialogX"]"}
  (Session info: chrome=105.0.5195.127)
For documentation on this error, please visit: https://selenium.dev/exceptions/#no_such_element
Build info: version: '4.4.0', revision: 'e5c75ed026a'
System info: host: 'DESKTOP-MAGKF8V', ip: '192.168.1.71', os.name: 'Windows 11', os.arch: 'amd64', os.version: '10.0', java.version: '17.0.4'
Driver info: org.openqa.selenium.chrome.ChromeDriver
Command: [662933ef97285ec931722f1dc249705a, findElement {using=xpath, value=//*[@id="tryLexDialogX"]}]
Capabilities {acceptInsecureCerts: false, browserName: chrome, browserVersion: 105.0.5195.127, chrome: {chromedriverVersion: 105.0.5195.52 (412c95e51883..., userDataDir: C:\Users\mkuma\AppData\Loca...}, goog:chromeOptions: {debuggerAddress: localhost:51314}, networkConnectionEnabled: false, pageLoadStrategy: normal, platformName: WINDOWS, proxy: Proxy(), se:cdp: ws://localhost:51314/devtoo..., se:cdpVersion: 105.0.5195.127, setWindowRect: true, strictFileInteractability: false, timeouts: {implicit: 0, pageLoad: 300000, script: 30000}, unhandledPromptBehavior: dismiss and notify, webauthn:extension:credBlob: true, webauthn:extension:largeBlob: true, webauthn:virtualAuthenticators: true}
Session ID: 662933ef97285ec931722f1dc249705a
at org.openqa.selenium.remote.codec.w3c.W3CHttpResponseCodec.createException(W3CHttpResponseCodec.java:200)
at org.openqa.selenium.remote.codec.w3c.W3CHttpResponseCodec.decode(W3CHttpResponseCodec.java:133)
at org.openqa.selenium.remote.codec.w3c.W3CHttpResponseCodec.decode(W3CHttpResponseCodec.java:53)
at org.openqa.selenium.remote.HttpCommandExecutor.execute(HttpCommandExecutor.java:184)
at org.openqa.selenium.remote.service.DriverCommandExecutor.invokeExecute(DriverCommandExecutor.java:167)
at org.openqa.selenium.remote.service.DriverCommandExecutor.execute(DriverCommandExecutor.java:142)
at org.openqa.selenium.remote.RemoteWebDriver.execute(RemoteWebDriver.java:547)
at org.openqa.selenium.remote.ElementLocation$ElementFinder$2.findElement(ElementLocation.java:162)
at org.openqa.selenium.remote.ElementLocation.findElement(ElementLocation.java:60)
at org.openqa.selenium.remote.RemoteWebDriver.findElement(RemoteWebDriver.java:365)
at org.openqa.selenium.remote.RemoteWebDriver.findElement(RemoteWebDriver.java:357)
at com.salesforce.automationscript.AutomationScript.creatAccountTC10(AutomationScript.java:390)
at java.base/java.util.ArrayList.forEach(ArrayList.java:1511)
... Removed 32 stack frames]]>
    </failure>
  </testcase> <!-- creatAccountTC10 -->
  <testcase classname="com.salesforce.automationscript.AutomationScript" name="creatNewContactTC25" time="38.594"/>
  <testcase classname="com.salesforce.automationscript.AutomationScript" name="creatNewviewTC11" time="30.079"/>
  <testcase classname="com.salesforce.automationscript.AutomationScript" name="createNewOptyTC16" time="42.028"/>
  <testcase classname="com.salesforce.automationscript.AutomationScript" name="defaultViewTC22" time="52.529"/>
  <testcase classname="com.salesforce.automationscript.AutomationScript" name="editViewTC12" time="36.084"/>
  <testcase classname="com.salesforce.automationscript.AutomationScript" name="firstnameLastnameLinkTC33" time="22.126"/>
  <testcase classname="com.salesforce.automationscript.AutomationScript" name="forgotPasswardTC04A" time="11.229"/>
  <testcase classname="com.salesforce.automationscript.AutomationScript" name="forgotPasswardTC04B" time="8.766"/>
  <testcase classname="com.salesforce.automationscript.AutomationScript" name="lastNameChangedatVariousPlaceTC34" time="43.081"/>
  <testcase classname="com.salesforce.automationscript.AutomationScript" name="leadTabTC20" time="28.445"/>
  <testcase classname="com.salesforce.automationscript.AutomationScript" name="leadsSelectViewTC21" time="21.823"/>
  <testcase classname="com.salesforce.automationscript.AutomationScript" name="loginErrorMessageTC01" time="6.461"/>
  <testcase classname="com.salesforce.automationscript.AutomationScript" name="loginToSalesForceTC02" time="11.165"/>
  <testcase classname="com.salesforce.automationscript.AutomationScript" name="mergeAccountTC13" time="83.098">
    <failure type="java.lang.ClassCastException" message="class org.openqa.selenium.chrome.ChromeDriver cannot be cast to class org.openqa.selenium.Alert (org.openqa.selenium.chrome.ChromeDriver and org.openqa.selenium.Alert are in unnamed module of loader &amp;apos;app&amp;apos;)">
      <![CDATA[java.lang.ClassCastException: class org.openqa.selenium.chrome.ChromeDriver cannot be cast to class org.openqa.selenium.Alert (org.openqa.selenium.chrome.ChromeDriver and org.openqa.selenium.Alert are in unnamed module of loader 'app')
at com.salesforce.automationscript.AutomationScript.mergeAccountTC13(AutomationScript.java:485)
at java.base/java.util.ArrayList.forEach(ArrayList.java:1511)
... Removed 27 stack frames]]>
    </failure>
  </testcase> <!-- mergeAccountTC13 -->
  <testcase classname="com.salesforce.automationscript.AutomationScript" name="newOnleadHomeTC24" time="34.184"/>
  <testcase classname="com.salesforce.automationscript.AutomationScript" name="newViewContactTC26" time="29.251"/>
  <testcase classname="com.salesforce.automationscript.AutomationScript" name="opportunitiesDropDownTC15" time="16.486"/>
  <testcase classname="com.salesforce.automationscript.AutomationScript" name="selectDevelopersConsoleTC08" time="35.601"/>
  <testcase classname="com.salesforce.automationscript.AutomationScript" name="selectLogoutTC09" time="0.0">
    <failure type="org.testng.TestNGException" message="
Cannot inject @Test annotated Method [selectLogoutTC09] with [class java.lang.String].
For more information on native dependency injection please refer to https://testng.org/doc/documentation-main.html#native-dependency-injection">
      <![CDATA[org.testng.TestNGException: 
Cannot inject @Test annotated Method [selectLogoutTC09] with [class java.lang.String].
For more information on native dependency injection please refer to https://testng.org/doc/documentation-main.html#native-dependency-injection
at java.base/java.util.ArrayList.forEach(ArrayList.java:1511)
... Removed 26 stack frames]]>
    </failure>
  </testcase> <!-- selectLogoutTC09 -->
  <testcase classname="com.salesforce.automationscript.AutomationScript" name="selectMySettingTC07" time="0.0">
    <skipped/>
  </testcase> <!-- selectMySettingTC07 -->
  <testcase classname="com.salesforce.automationscript.AutomationScript" name="selectMyprofileTC06" time="0.0">
    <skipped/>
  </testcase> <!-- selectMyprofileTC06 -->
  <testcase classname="com.salesforce.automationscript.AutomationScript" name="selectUsermenuDropdownTC05" time="0.0">
    <skipped/>
  </testcase> <!-- selectUsermenuDropdownTC05 -->
  <testcase classname="com.salesforce.automationscript.AutomationScript" name="testOpportunityPipelineReportTC17" time="0.0">
    <skipped/>
  </testcase> <!-- testOpportunityPipelineReportTC17 -->
  <testcase classname="com.salesforce.automationscript.AutomationScript" name="testQuarterlySummaryReportTC19" time="0.0">
    <skipped/>
  </testcase> <!-- testQuarterlySummaryReportTC19 -->
  <testcase classname="com.salesforce.automationscript.AutomationScript" name="testStuckOpportunitiesReportTC18" time="0.0">
    <skipped/>
  </testcase> <!-- testStuckOpportunitiesReportTC18 -->
  <testcase classname="com.salesforce.automationscript.AutomationScript" name="todaysLeadTC23" time="0.0">
    <skipped/>
  </testcase> <!-- todaysLeadTC23 -->
  <testcase classname="com.salesforce.automationscript.AutomationScript" name="verifyTabCustomizationTC35" time="0.0">
    <skipped/>
  </testcase> <!-- verifyTabCustomizationTC35 -->
  <testcase classname="com.salesforce.automationscript.AutomationScript" name="viewaContactinContactPageTC29" time="0.0">
    <skipped/>
  </testcase> <!-- viewaContactinContactPageTC29 -->
</testsuite> <!-- Testing salesforce chrome -->
